[debug] [2023-05-11T03:25:33.065Z] ----------------------------------------------------------------------
[debug] [2023-05-11T03:25:33.069Z] Command:       C:\Program Files\nodejs\node.exe C:\Users\HP\AppData\Roaming\npm\node_modules\firebase-tools\lib\bin\firebase.js emulators:start
[debug] [2023-05-11T03:25:33.070Z] CLI Version:   11.30.0
[debug] [2023-05-11T03:25:33.071Z] Platform:      win32
[debug] [2023-05-11T03:25:33.071Z] Node Version:  v18.15.0
[debug] [2023-05-11T03:25:33.072Z] Time:          Thu May 11 2023 08:55:33 GMT+0530 (India Standard Time)
[debug] [2023-05-11T03:25:33.073Z] ----------------------------------------------------------------------
[debug] 
[debug] [2023-05-11T03:25:33.078Z] >>> [apiv2][query] GET https://firebase-public.firebaseio.com/cli.json [none]
[debug] [2023-05-11T03:25:33.272Z] > command requires scopes: ["email","openid","https://www.googleapis.com/auth/cloudplatformprojects.readonly","https://www.googleapis.com/auth/firebase","https://www.googleapis.com/auth/cloud-platform"]
[debug] [2023-05-11T03:25:33.272Z] > authorizing via signed-in user (amanpathra22@gmail.com)
[info] i  emulators: Starting emulators: functions, hosting {"metadata":{"emulator":{"name":"hub"},"message":"Starting emulators: functions, hosting"}}
[debug] [2023-05-11T03:25:33.291Z] [logging] Logging Emulator only supports listening on one address (127.0.0.1). Not listening on ::1
[debug] [2023-05-11T03:25:33.291Z] [hosting] Hosting Emulator only supports listening on one address (127.0.0.1). Not listening on ::1
[debug] [2023-05-11T03:25:33.291Z] assigned listening specs for emulators {"user":{"hub":[{"address":"127.0.0.1","family":"IPv4","port":4400},{"address":"::1","family":"IPv6","port":4400}],"ui":[{"address":"127.0.0.1","family":"IPv4","port":4000},{"address":"::1","family":"IPv6","port":4000}],"logging":[{"address":"127.0.0.1","family":"IPv4","port":4500}],"hosting":[{"address":"127.0.0.1","family":"IPv4","port":5000}]},"metadata":{"message":"assigned listening specs for emulators"}}
[warn] !  emulators: It seems that you are running multiple instances of the emulator suite for project challenge-65246. This may result in unexpected behavior. 
[debug] [2023-05-11T03:25:33.314Z] [hub] writing locator at C:\Users\HP\AppData\Local\Temp\hub-challenge-65246.json
[debug] [2023-05-11T03:25:33.358Z] [functions] Functions Emulator only supports listening on one address (127.0.0.1). Not listening on ::1
[debug] [2023-05-11T03:25:33.358Z] [eventarc] Eventarc Emulator only supports listening on one address (127.0.0.1). Not listening on ::1
[debug] [2023-05-11T03:25:33.359Z] late-assigned ports for functions and eventarc emulators {"user":{"hub":[{"address":"127.0.0.1","family":"IPv4","port":4400},{"address":"::1","family":"IPv6","port":4400}],"ui":[{"address":"127.0.0.1","family":"IPv4","port":4000},{"address":"::1","family":"IPv6","port":4000}],"logging":[{"address":"127.0.0.1","family":"IPv4","port":4500}],"hosting":[{"address":"127.0.0.1","family":"IPv4","port":5000}],"functions":[{"address":"127.0.0.1","family":"IPv4","port":5001}],"eventarc":[{"address":"127.0.0.1","family":"IPv4","port":9299}]},"metadata":{"message":"late-assigned ports for functions and eventarc emulators"}}
[warn] !  functions: The following emulators are not running, calls to these services from the Functions emulator will affect production: auth, firestore, database, pubsub, storage {"metadata":{"emulator":{"name":"functions"},"message":"The following emulators are not running, calls to these services from the Functions emulator will affect production: \u001b[1mauth, firestore, database, pubsub, storage\u001b[22m"}}
[debug] [2023-05-11T03:25:33.376Z] defaultcredentials: writing to file C:\Users\HP\AppData\Roaming\firebase\amanpathra22_gmail_com_application_default_credentials.json
[debug] [2023-05-11T03:25:33.391Z] Setting GAC to C:\Users\HP\AppData\Roaming\firebase\amanpathra22_gmail_com_application_default_credentials.json {"metadata":{"emulator":{"name":"functions"},"message":"Setting GAC to C:\\Users\\HP\\AppData\\Roaming\\firebase\\amanpathra22_gmail_com_application_default_credentials.json"}}
[debug] [2023-05-11T03:25:33.393Z] > refreshing access token with scopes: []
[debug] [2023-05-11T03:25:33.395Z] >>> [apiv2][query] POST https://www.googleapis.com/oauth2/v3/token [none]
[debug] [2023-05-11T03:25:33.395Z] >>> [apiv2][body] POST https://www.googleapis.com/oauth2/v3/token [omitted]
[debug] [2023-05-11T03:25:33.730Z] <<< [apiv2][status] POST https://www.googleapis.com/oauth2/v3/token 200
[debug] [2023-05-11T03:25:33.730Z] <<< [apiv2][body] POST https://www.googleapis.com/oauth2/v3/token [omitted]
[debug] [2023-05-11T03:25:33.746Z] >>> [apiv2][query] GET https://firebase.googleapis.com/v1beta1/projects/challenge-65246/adminSdkConfig [none]
[debug] [2023-05-11T03:25:34.016Z] <<< [apiv2][status] GET https://firebase-public.firebaseio.com/cli.json 200
[debug] [2023-05-11T03:25:34.017Z] <<< [apiv2][body] GET https://firebase-public.firebaseio.com/cli.json {"cloudBuildErrorAfter":1594252800000,"cloudBuildWarnAfter":1590019200000,"defaultNode10After":1594252800000,"minVersion":"3.0.5","node8DeploysDisabledAfter":1613390400000,"node8RuntimeDisabledAfter":1615809600000,"node8WarnAfter":1600128000000}
[debug] [2023-05-11T03:25:34.455Z] <<< [apiv2][status] GET https://firebase.googleapis.com/v1beta1/projects/challenge-65246/adminSdkConfig 200
[debug] [2023-05-11T03:25:34.456Z] <<< [apiv2][body] GET https://firebase.googleapis.com/v1beta1/projects/challenge-65246/adminSdkConfig {"projectId":"challenge-65246","storageBucket":"challenge-65246.appspot.com"}
[debug] [2023-05-11T03:25:34.507Z] >>> [apiv2][query] GET https://firebasehosting.googleapis.com/v1beta1/projects/challenge-65246/sites 
[debug] [2023-05-11T03:25:35.901Z] <<< [apiv2][status] GET https://firebasehosting.googleapis.com/v1beta1/projects/challenge-65246/sites 200
[debug] [2023-05-11T03:25:35.902Z] <<< [apiv2][body] GET https://firebasehosting.googleapis.com/v1beta1/projects/challenge-65246/sites {"sites":[{"name":"projects/challenge-65246/sites/challenge-65246","defaultUrl":"https://challenge-65246.web.app","appId":"1:163982178564:web:74273f661a178598b4b851","type":"DEFAULT_SITE"}]}
[debug] [2023-05-11T03:25:35.903Z] >>> [apiv2][query] GET https://firebase.googleapis.com/v1beta1/projects/challenge-65246/webApps/1:163982178564:web:74273f661a178598b4b851/config [none]
[debug] [2023-05-11T03:25:37.229Z] <<< [apiv2][status] GET https://firebase.googleapis.com/v1beta1/projects/challenge-65246/webApps/1:163982178564:web:74273f661a178598b4b851/config 200
[debug] [2023-05-11T03:25:37.229Z] <<< [apiv2][body] GET https://firebase.googleapis.com/v1beta1/projects/challenge-65246/webApps/1:163982178564:web:74273f661a178598b4b851/config {"projectId":"challenge-65246","appId":"1:163982178564:web:74273f661a178598b4b851","storageBucket":"challenge-65246.appspot.com","apiKey":"AIzaSyDK_OsSdyNG9BrUhrNBAc0URTvVH2jcOOY","authDomain":"challenge-65246.firebaseapp.com","messagingSenderId":"163982178564","measurementId":"G-DKFW54TRWR"}
[debug] [2023-05-11T03:25:37.241Z] >>> [apiv2][query] GET https://firebase.googleapis.com/v1beta1/projects/challenge-65246 [none]
[debug] [2023-05-11T03:25:37.946Z] <<< [apiv2][status] GET https://firebase.googleapis.com/v1beta1/projects/challenge-65246 200
[debug] [2023-05-11T03:25:37.946Z] <<< [apiv2][body] GET https://firebase.googleapis.com/v1beta1/projects/challenge-65246 {"projectId":"challenge-65246","projectNumber":"163982178564","displayName":"amazon-challenge","name":"projects/challenge-65246","resources":{"hostingSite":"challenge-65246"},"state":"ACTIVE","etag":"1_909c9511-649c-49cb-a599-1b14c3ab3214"}
[info] i  hosting[challenge-65246]: Serving hosting files from: build {"metadata":{"emulator":{"name":"hosting"},"message":"Serving hosting files from: \u001b[1mbuild\u001b[22m"}}
[info] +  hosting[challenge-65246]: Local server: http://127.0.0.1:5000 {"metadata":{"emulator":{"name":"hosting"},"message":"Local server: \u001b[4m\u001b[1mhttp://127.0.0.1:5000\u001b[22m\u001b[24m"}}
[debug] [2023-05-11T03:25:38.016Z] Ignoring unsupported arg: auto_download {"metadata":{"emulator":{"name":"ui"},"message":"Ignoring unsupported arg: auto_download"}}
[debug] [2023-05-11T03:25:38.016Z] Ignoring unsupported arg: port {"metadata":{"emulator":{"name":"ui"},"message":"Ignoring unsupported arg: port"}}
[debug] [2023-05-11T03:25:38.016Z] Starting Emulator UI with command {"binary":"node","args":["C:\\Users\\HP\\.cache\\firebase\\emulators\\ui-v1.11.6\\server\\server.js"],"optionalArgs":[],"joinArgs":false} {"metadata":{"emulator":{"name":"ui"},"message":"Starting Emulator UI with command {\"binary\":\"node\",\"args\":[\"C:\\\\Users\\\\HP\\\\.cache\\\\firebase\\\\emulators\\\\ui-v1.11.6\\\\server\\\\server.js\"],\"optionalArgs\":[],\"joinArgs\":false}"}}
[info] i  ui: Emulator UI logging to ui-debug.log {"metadata":{"emulator":{"name":"ui"},"message":"Emulator UI logging to \u001b[1mui-debug.log\u001b[22m"}}
[debug] [2023-05-11T03:25:38.652Z] Web / API server started at 127.0.0.1:4000
 {"metadata":{"emulator":{"name":"ui"},"message":"Web / API server started at 127.0.0.1:4000\n"}}
[debug] [2023-05-11T03:25:38.653Z] Web / API server started at ::1:4000
 {"metadata":{"emulator":{"name":"ui"},"message":"Web / API server started at ::1:4000\n"}}
[info] i  functions: Watching "D:\Web Developement\Projects\36. Amazon Clone (React)\amazon\functions" for Cloud Functions... {"metadata":{"emulator":{"name":"functions"},"message":"Watching \"D:\\Web Developement\\Projects\\36. Amazon Clone (React)\\amazon\\functions\" for Cloud Functions..."}}
[debug] [2023-05-11T03:25:38.858Z] Validating nodejs source
[warn] !  functions: package.json indicates an outdated version of firebase-functions. Please upgrade using npm install --save firebase-functions@latest in your functions directory. 
[debug] [2023-05-11T03:25:43.962Z] > [functions] package.json contents: {
  "name": "functions",
  "description": "Cloud Functions for Firebase",
  "scripts": {
    "lint": "eslint .",
    "serve": "firebase emulators:start --only functions",
    "shell": "firebase functions:shell",
    "start": "npm run shell",
    "deploy": "firebase deploy --only functions",
    "logs": "firebase functions:log"
  },
  "engines": {
    "node": "16"
  },
  "main": "index.js",
  "dependencies": {
    "cors": "^2.8.5",
    "express": "^4.18.2",
    "firebase-admin": "^11.5.0",
    "firebase-functions": "^4.2.0",
    "stripe": "^12.4.0"
  },
  "devDependencies": {
    "eslint": "^8.15.0",
    "eslint-config-google": "^0.14.0",
    "firebase-functions-test": "^3.0.0"
  },
  "private": true
}
[debug] [2023-05-11T03:25:43.963Z] Building nodejs source
[debug] [2023-05-11T03:25:43.964Z] Failed to find version of module node: reached end of search path D:\Web Developement\Projects\36. Amazon Clone (React)\amazon\functions\node_modules
[warn] !  functions: Your requested "node" version "16" doesn't match your global version "18". Using node@18 from host. 
[debug] [2023-05-11T03:25:43.969Z] Could not find functions.yaml. Must use http discovery
[debug] [2023-05-11T03:25:44.096Z] Found firebase-functions binary at 'D:\Web Developement\Projects\36. Amazon Clone (React)\amazon\functions\node_modules\.bin\firebase-functions'
[debug] [2023-05-11T03:25:46.740Z] Serving at port 8687

[debug] [2023-05-11T03:25:52.681Z] Got response from /__/functions.yaml {"endpoints":{"api":{"platform":"gcfv1","availableMemoryMb":null,"timeoutSeconds":null,"minInstances":null,"maxInstances":null,"ingressSettings":null,"serviceAccountEmail":null,"vpc":null,"httpsTrigger":{},"entryPoint":"api"}},"specVersion":"v1alpha1","requiredAPIs":[]}
[debug] [2023-05-11T03:25:52.694Z] shutdown requested via /__/quitquitquit

[info] +  functions: Loaded functions definitions from source: api. {"metadata":{"emulator":{"name":"functions"},"message":"Loaded functions definitions from source: api."}}
[info] +  functions[us-central1-api]: http function initialized (http://127.0.0.1:5001/challenge-65246/us-central1/api). {"metadata":{"emulator":{"name":"functions"},"message":"\u001b[1mhttp\u001b[22m function initialized (http://127.0.0.1:5001/challenge-65246/us-central1/api)."}}
[info] 
┌─────────────────────────────────────────────────────────────┐
│ ✔  All emulators ready! It is now safe to connect your app. │
│ i  View Emulator UI at http://127.0.0.1:4000/               │
└─────────────────────────────────────────────────────────────┘

┌───────────┬────────────────┬─────────────────────────────────┐
│ Emulator  │ Host:Port      │ View in Emulator UI             │
├───────────┼────────────────┼─────────────────────────────────┤
│ Functions │ 127.0.0.1:5001 │ http://127.0.0.1:4000/functions │
├───────────┼────────────────┼─────────────────────────────────┤
│ Hosting   │ 127.0.0.1:5000 │ n/a                             │
└───────────┴────────────────┴─────────────────────────────────┘
  Emulator Hub running at 127.0.0.1:4400
  Other reserved ports: 4500

Issues? Report them at https://github.com/firebase/firebase-tools/issues and attach the *-debug.log files.
 
[debug] [2023-05-11T03:25:59.314Z] [work-queue] {"queuedWork":["/challenge-65246/us-central1/api-2023-05-11T03:25:59.313Z"],"queueLength":1,"runningWork":[],"workRunningCount":0}
[debug] [2023-05-11T03:25:59.315Z] [work-queue] {"queuedWork":[],"queueLength":0,"runningWork":["/challenge-65246/us-central1/api-2023-05-11T03:25:59.313Z"],"workRunningCount":1}
[debug] [2023-05-11T03:25:59.317Z] Accepted request GET /challenge-65246/us-central1/api --> us-central1-api
[debug] [2023-05-11T03:25:59.336Z] [functions] Runtime ready! Sending request! {"metadata":{"emulator":{"name":"functions"},"message":"[functions] Runtime ready! Sending request!"}}
[debug] [2023-05-11T03:25:59.339Z] [functions] Got req.url=/challenge-65246/us-central1/api, mapping to path=/ {"metadata":{"emulator":{"name":"functions"},"message":"[functions] Got req.url=/challenge-65246/us-central1/api, mapping to path=/"}}
[debug] [2023-05-11T03:25:59.380Z] [worker-pool] addWorker(us-central1-api) {"metadata":{"emulator":{"name":"functions"},"message":"[worker-pool] addWorker(us-central1-api)"}}
[debug] [2023-05-11T03:25:59.384Z] [worker-pool] Adding worker with key us-central1-api, total=1 {"metadata":{"emulator":{"name":"functions"},"message":"[worker-pool] Adding worker with key us-central1-api, total=1"}}
[debug] [2023-05-11T03:26:03.326Z] [runtime-status] [29880] Resolved module firebase-admin {"declared":true,"installed":true,"version":"11.8.0","resolution":"D:\\Web Developement\\Projects\\36. Amazon Clone (React)\\amazon\\functions\\node_modules\\firebase-admin\\lib\\index.js"} {"metadata":{"emulator":{"name":"functions"},"function":{"name":"us-central1-api"},"extension":{},"message":"[runtime-status] [29880] Resolved module firebase-admin {\"declared\":true,\"installed\":true,\"version\":\"11.8.0\",\"resolution\":\"D:\\\\Web Developement\\\\Projects\\\\36. Amazon Clone (React)\\\\amazon\\\\functions\\\\node_modules\\\\firebase-admin\\\\lib\\\\index.js\"}"}}
[debug] [2023-05-11T03:26:03.328Z] [runtime-status] [29880] Resolved module firebase-functions {"declared":true,"installed":true,"version":"4.3.1","resolution":"D:\\Web Developement\\Projects\\36. Amazon Clone (React)\\amazon\\functions\\node_modules\\firebase-functions\\lib\\v1\\index.js"} {"metadata":{"emulator":{"name":"functions"},"function":{"name":"us-central1-api"},"extension":{},"message":"[runtime-status] [29880] Resolved module firebase-functions {\"declared\":true,\"installed\":true,\"version\":\"4.3.1\",\"resolution\":\"D:\\\\Web Developement\\\\Projects\\\\36. Amazon Clone (React)\\\\amazon\\\\functions\\\\node_modules\\\\firebase-functions\\\\lib\\\\v1\\\\index.js\"}"}}
[debug] [2023-05-11T03:26:03.329Z] [runtime-status] [29880] Outgoing network have been stubbed. [{"name":"http","status":"mocked"},{"name":"http","status":"mocked"},{"name":"https","status":"mocked"},{"name":"https","status":"mocked"},{"name":"net","status":"mocked"}] {"metadata":{"emulator":{"name":"functions"},"function":{"name":"us-central1-api"},"extension":{},"message":"[runtime-status] [29880] Outgoing network have been stubbed. [{\"name\":\"http\",\"status\":\"mocked\"},{\"name\":\"http\",\"status\":\"mocked\"},{\"name\":\"https\",\"status\":\"mocked\"},{\"name\":\"https\",\"status\":\"mocked\"},{\"name\":\"net\",\"status\":\"mocked\"}]"}}
[debug] [2023-05-11T03:26:03.331Z] [runtime-status] [29880] Resolved module firebase-functions {"declared":true,"installed":true,"version":"4.3.1","resolution":"D:\\Web Developement\\Projects\\36. Amazon Clone (React)\\amazon\\functions\\node_modules\\firebase-functions\\lib\\v1\\index.js"} {"metadata":{"emulator":{"name":"functions"},"function":{"name":"us-central1-api"},"extension":{},"message":"[runtime-status] [29880] Resolved module firebase-functions {\"declared\":true,\"installed\":true,\"version\":\"4.3.1\",\"resolution\":\"D:\\\\Web Developement\\\\Projects\\\\36. Amazon Clone (React)\\\\amazon\\\\functions\\\\node_modules\\\\firebase-functions\\\\lib\\\\v1\\\\index.js\"}"}}
[debug] [2023-05-11T03:26:03.886Z] [runtime-status] [29880] Checked functions.config() {"config":{}} {"metadata":{"emulator":{"name":"functions"},"function":{"name":"us-central1-api"},"extension":{},"message":"[runtime-status] [29880] Checked functions.config() {\"config\":{}}"}}
[debug] [2023-05-11T03:26:03.886Z] [runtime-status] [29880] firebase-functions has been stubbed. {"functionsResolution":{"declared":true,"installed":true,"version":"4.3.1","resolution":"D:\\Web Developement\\Projects\\36. Amazon Clone (React)\\amazon\\functions\\node_modules\\firebase-functions\\lib\\v1\\index.js"}} {"metadata":{"emulator":{"name":"functions"},"function":{"name":"us-central1-api"},"extension":{},"message":"[runtime-status] [29880] firebase-functions has been stubbed. {\"functionsResolution\":{\"declared\":true,\"installed\":true,\"version\":\"4.3.1\",\"resolution\":\"D:\\\\Web Developement\\\\Projects\\\\36. Amazon Clone (React)\\\\amazon\\\\functions\\\\node_modules\\\\firebase-functions\\\\lib\\\\v1\\\\index.js\"}}"}}
[debug] [2023-05-11T03:26:03.888Z] [runtime-status] [29880] Resolved module firebase-functions {"declared":true,"installed":true,"version":"4.3.1","resolution":"D:\\Web Developement\\Projects\\36. Amazon Clone (React)\\amazon\\functions\\node_modules\\firebase-functions\\lib\\v1\\index.js"} {"metadata":{"emulator":{"name":"functions"},"function":{"name":"us-central1-api"},"extension":{},"message":"[runtime-status] [29880] Resolved module firebase-functions {\"declared\":true,\"installed\":true,\"version\":\"4.3.1\",\"resolution\":\"D:\\\\Web Developement\\\\Projects\\\\36. Amazon Clone (React)\\\\amazon\\\\functions\\\\node_modules\\\\firebase-functions\\\\lib\\\\v1\\\\index.js\"}"}}
[debug] [2023-05-11T03:26:03.890Z] [runtime-status] [29880] Resolved module firebase-admin {"declared":true,"installed":true,"version":"11.8.0","resolution":"D:\\Web Developement\\Projects\\36. Amazon Clone (React)\\amazon\\functions\\node_modules\\firebase-admin\\lib\\index.js"} {"metadata":{"emulator":{"name":"functions"},"function":{"name":"us-central1-api"},"extension":{},"message":"[runtime-status] [29880] Resolved module firebase-admin {\"declared\":true,\"installed\":true,\"version\":\"11.8.0\",\"resolution\":\"D:\\\\Web Developement\\\\Projects\\\\36. Amazon Clone (React)\\\\amazon\\\\functions\\\\node_modules\\\\firebase-admin\\\\lib\\\\index.js\"}"}}
[debug] [2023-05-11T03:26:03.926Z] [runtime-status] [29880] Resolved module firebase-functions {"declared":true,"installed":true,"version":"4.3.1","resolution":"D:\\Web Developement\\Projects\\36. Amazon Clone (React)\\amazon\\functions\\node_modules\\firebase-functions\\lib\\v1\\index.js"} {"metadata":{"emulator":{"name":"functions"},"function":{"name":"us-central1-api"},"extension":{},"message":"[runtime-status] [29880] Resolved module firebase-functions {\"declared\":true,\"installed\":true,\"version\":\"4.3.1\",\"resolution\":\"D:\\\\Web Developement\\\\Projects\\\\36. Amazon Clone (React)\\\\amazon\\\\functions\\\\node_modules\\\\firebase-functions\\\\lib\\\\v1\\\\index.js\"}"}}
[debug] [2023-05-11T03:26:03.929Z] [runtime-status] [29880] firebase-admin has been stubbed. {"adminResolution":{"declared":true,"installed":true,"version":"11.8.0","resolution":"D:\\Web Developement\\Projects\\36. Amazon Clone (React)\\amazon\\functions\\node_modules\\firebase-admin\\lib\\index.js"}} {"metadata":{"emulator":{"name":"functions"},"function":{"name":"us-central1-api"},"extension":{},"message":"[runtime-status] [29880] firebase-admin has been stubbed. {\"adminResolution\":{\"declared\":true,\"installed\":true,\"version\":\"11.8.0\",\"resolution\":\"D:\\\\Web Developement\\\\Projects\\\\36. Amazon Clone (React)\\\\amazon\\\\functions\\\\node_modules\\\\firebase-admin\\\\lib\\\\index.js\"}}"}}
[debug] [2023-05-11T03:26:04.282Z] [runtime-status] [29880] Functions runtime initialized. {"cwd":"D:\\Web Developement\\Projects\\36. Amazon Clone (React)\\amazon\\functions","node_version":"18.15.0"} {"metadata":{"emulator":{"name":"functions"},"function":{"name":"us-central1-api"},"extension":{},"message":"[runtime-status] [29880] Functions runtime initialized. {\"cwd\":\"D:\\\\Web Developement\\\\Projects\\\\36. Amazon Clone (React)\\\\amazon\\\\functions\",\"node_version\":\"18.15.0\"}"}}
[debug] [2023-05-11T03:26:04.283Z] [runtime-status] [29880] Listening to port: \\?\pipe\fire_emu_4f48fec2a5a8ab51 {"metadata":{"emulator":{"name":"functions"},"function":{"name":"us-central1-api"},"extension":{},"message":"[runtime-status] [29880] Listening to port: \\\\?\\pipe\\fire_emu_4f48fec2a5a8ab51"}}
[debug] [2023-05-11T03:26:04.292Z] [worker-us-central1-api-478f2338-acb9-4ba3-bdeb-3b43c4c6c71a]: IDLE {"metadata":{"emulator":{"name":"functions"},"function":{"name":"us-central1-api"},"extension":{},"message":"[worker-us-central1-api-478f2338-acb9-4ba3-bdeb-3b43c4c6c71a]: IDLE"}}
[debug] [2023-05-11T03:26:04.293Z] [worker-pool] submitRequest(triggerId=us-central1-api) {"metadata":{"emulator":{"name":"functions"},"message":"[worker-pool] submitRequest(triggerId=us-central1-api)"}}
[info] i  functions: Beginning execution of "us-central1-api" {"metadata":{"emulator":{"name":"functions"},"function":{"name":"us-central1-api"},"extension":{},"message":"Beginning execution of \"us-central1-api\""}}
[debug] [2023-05-11T03:26:04.294Z] [worker-us-central1-api-478f2338-acb9-4ba3-bdeb-3b43c4c6c71a]: BUSY {"metadata":{"emulator":{"name":"functions"},"function":{"name":"us-central1-api"},"extension":{},"message":"[worker-us-central1-api-478f2338-acb9-4ba3-bdeb-3b43c4c6c71a]: BUSY"}}
[debug] [2023-05-11T03:26:04.307Z] Finishing up request with event=pause {"metadata":{"emulator":{"name":"functions"},"function":{"name":"us-central1-api"},"extension":{},"message":"Finishing up request with event=pause"}}
[info] i  functions: Finished "us-central1-api" in 13.2395ms {"metadata":{"emulator":{"name":"functions"},"function":{"name":"us-central1-api"},"extension":{},"message":"Finished \"us-central1-api\" in 13.2395ms"}}
[debug] [2023-05-11T03:26:04.308Z] [worker-us-central1-api-478f2338-acb9-4ba3-bdeb-3b43c4c6c71a]: IDLE {"metadata":{"emulator":{"name":"functions"},"function":{"name":"us-central1-api"},"extension":{},"message":"[worker-us-central1-api-478f2338-acb9-4ba3-bdeb-3b43c4c6c71a]: IDLE"}}
[debug] [2023-05-11T03:26:04.308Z] Finishing up request with event=finish {"metadata":{"emulator":{"name":"functions"},"function":{"name":"us-central1-api"},"extension":{},"message":"Finishing up request with event=finish"}}
[debug] [2023-05-11T03:26:04.309Z] Finishing up request with event=close {"metadata":{"emulator":{"name":"functions"},"function":{"name":"us-central1-api"},"extension":{},"message":"Finishing up request with event=close"}}
[debug] [2023-05-11T03:26:04.309Z] [work-queue] {"queuedWork":[],"queueLength":0,"runningWork":[],"workRunningCount":0}
[debug] [2023-05-11T03:26:04.356Z] Functions emulator received unknown request at path /favicon.ico
[debug] [2023-05-11T03:26:41.998Z] [work-queue] {"queuedWork":["/challenge-65246/us-central1/api/payments/create-2023-05-11T03:26:41.998Z"],"queueLength":1,"runningWork":[],"workRunningCount":0}
[debug] [2023-05-11T03:26:41.999Z] [work-queue] {"queuedWork":[],"queueLength":0,"runningWork":["/challenge-65246/us-central1/api/payments/create-2023-05-11T03:26:41.998Z"],"workRunningCount":1}
[debug] [2023-05-11T03:26:41.999Z] Accepted request POST /challenge-65246/us-central1/api/payments/create?total=20878 --> us-central1-api
[debug] [2023-05-11T03:26:42.014Z] [functions] Runtime ready! Sending request! {"metadata":{"emulator":{"name":"functions"},"message":"[functions] Runtime ready! Sending request!"}}
[debug] [2023-05-11T03:26:42.016Z] [functions] Got req.url=/challenge-65246/us-central1/api/payments/create?total=20878, mapping to path=/payments/create?total=20878 {"metadata":{"emulator":{"name":"functions"},"message":"[functions] Got req.url=/challenge-65246/us-central1/api/payments/create?total=20878, mapping to path=/payments/create?total=20878"}}
[debug] [2023-05-11T03:26:42.016Z] [worker-pool] submitRequest(triggerId=us-central1-api) {"metadata":{"emulator":{"name":"functions"},"message":"[worker-pool] submitRequest(triggerId=us-central1-api)"}}
[info] i  functions: Beginning execution of "us-central1-api" {"metadata":{"emulator":{"name":"functions"},"function":{"name":"us-central1-api"},"extension":{},"message":"Beginning execution of \"us-central1-api\""}}
[debug] [2023-05-11T03:26:42.018Z] [worker-us-central1-api-478f2338-acb9-4ba3-bdeb-3b43c4c6c71a]: BUSY {"metadata":{"emulator":{"name":"functions"},"function":{"name":"us-central1-api"},"extension":{},"message":"[worker-us-central1-api-478f2338-acb9-4ba3-bdeb-3b43c4c6c71a]: BUSY"}}
[debug] [2023-05-11T03:26:42.028Z] [work-queue] {"queuedWork":["/challenge-65246/us-central1/api/payments/create-2023-05-11T03:26:42.028Z"],"queueLength":1,"runningWork":["/challenge-65246/us-central1/api/payments/create-2023-05-11T03:26:41.998Z"],"workRunningCount":1}
[debug] [2023-05-11T03:26:42.029Z] [work-queue] {"queuedWork":[],"queueLength":0,"runningWork":["/challenge-65246/us-central1/api/payments/create-2023-05-11T03:26:41.998Z","/challenge-65246/us-central1/api/payments/create-2023-05-11T03:26:42.028Z"],"workRunningCount":2}
[debug] [2023-05-11T03:26:42.029Z] Accepted request POST /challenge-65246/us-central1/api/payments/create?total=20878 --> us-central1-api
[debug] [2023-05-11T03:26:42.039Z] [functions] Runtime ready! Sending request! {"metadata":{"emulator":{"name":"functions"},"message":"[functions] Runtime ready! Sending request!"}}
[debug] [2023-05-11T03:26:42.040Z] [functions] Got req.url=/challenge-65246/us-central1/api/payments/create?total=20878, mapping to path=/payments/create?total=20878 {"metadata":{"emulator":{"name":"functions"},"message":"[functions] Got req.url=/challenge-65246/us-central1/api/payments/create?total=20878, mapping to path=/payments/create?total=20878"}}
[debug] [2023-05-11T03:26:42.079Z] [worker-pool] addWorker(us-central1-api) {"metadata":{"emulator":{"name":"functions"},"message":"[worker-pool] addWorker(us-central1-api)"}}
[debug] [2023-05-11T03:26:42.080Z] [worker-pool] Adding worker with key us-central1-api, total=2 {"metadata":{"emulator":{"name":"functions"},"message":"[worker-pool] Adding worker with key us-central1-api, total=2"}}
[info] >  Payment request received for amount >>>  20878 {"user":"Payment request received for amount >>>  20878","metadata":{"emulator":{"name":"functions"},"function":{"name":"us-central1-api"},"extension":{},"message":"\u001b[90m> \u001b[39m Payment request received for amount >>>  20878"}}
[debug] [2023-05-11T03:26:43.082Z] Finishing up request with event=pause {"metadata":{"emulator":{"name":"functions"},"function":{"name":"us-central1-api"},"extension":{},"message":"Finishing up request with event=pause"}}
[info] i  functions: Finished "us-central1-api" in 1064.2524ms {"metadata":{"emulator":{"name":"functions"},"function":{"name":"us-central1-api"},"extension":{},"message":"Finished \"us-central1-api\" in 1064.2524ms"}}
[debug] [2023-05-11T03:26:43.085Z] [worker-us-central1-api-478f2338-acb9-4ba3-bdeb-3b43c4c6c71a]: IDLE {"metadata":{"emulator":{"name":"functions"},"function":{"name":"us-central1-api"},"extension":{},"message":"[worker-us-central1-api-478f2338-acb9-4ba3-bdeb-3b43c4c6c71a]: IDLE"}}
[debug] [2023-05-11T03:26:43.085Z] Finishing up request with event=finish {"metadata":{"emulator":{"name":"functions"},"function":{"name":"us-central1-api"},"extension":{},"message":"Finishing up request with event=finish"}}
[debug] [2023-05-11T03:26:43.085Z] Finishing up request with event=close {"metadata":{"emulator":{"name":"functions"},"function":{"name":"us-central1-api"},"extension":{},"message":"Finishing up request with event=close"}}
[debug] [2023-05-11T03:26:43.086Z] [work-queue] {"queuedWork":[],"queueLength":0,"runningWork":["/challenge-65246/us-central1/api/payments/create-2023-05-11T03:26:42.028Z"],"workRunningCount":1}
[debug] [2023-05-11T03:26:45.374Z] [runtime-status] [16272] Resolved module firebase-admin {"declared":true,"installed":true,"version":"11.8.0","resolution":"D:\\Web Developement\\Projects\\36. Amazon Clone (React)\\amazon\\functions\\node_modules\\firebase-admin\\lib\\index.js"} {"metadata":{"emulator":{"name":"functions"},"function":{"name":"us-central1-api"},"extension":{},"message":"[runtime-status] [16272] Resolved module firebase-admin {\"declared\":true,\"installed\":true,\"version\":\"11.8.0\",\"resolution\":\"D:\\\\Web Developement\\\\Projects\\\\36. Amazon Clone (React)\\\\amazon\\\\functions\\\\node_modules\\\\firebase-admin\\\\lib\\\\index.js\"}"}}
[debug] [2023-05-11T03:26:45.377Z] [runtime-status] [16272] Resolved module firebase-functions {"declared":true,"installed":true,"version":"4.3.1","resolution":"D:\\Web Developement\\Projects\\36. Amazon Clone (React)\\amazon\\functions\\node_modules\\firebase-functions\\lib\\v1\\index.js"} {"metadata":{"emulator":{"name":"functions"},"function":{"name":"us-central1-api"},"extension":{},"message":"[runtime-status] [16272] Resolved module firebase-functions {\"declared\":true,\"installed\":true,\"version\":\"4.3.1\",\"resolution\":\"D:\\\\Web Developement\\\\Projects\\\\36. Amazon Clone (React)\\\\amazon\\\\functions\\\\node_modules\\\\firebase-functions\\\\lib\\\\v1\\\\index.js\"}"}}
[debug] [2023-05-11T03:26:45.378Z] [runtime-status] [16272] Outgoing network have been stubbed. [{"name":"http","status":"mocked"},{"name":"http","status":"mocked"},{"name":"https","status":"mocked"},{"name":"https","status":"mocked"},{"name":"net","status":"mocked"}] {"metadata":{"emulator":{"name":"functions"},"function":{"name":"us-central1-api"},"extension":{},"message":"[runtime-status] [16272] Outgoing network have been stubbed. [{\"name\":\"http\",\"status\":\"mocked\"},{\"name\":\"http\",\"status\":\"mocked\"},{\"name\":\"https\",\"status\":\"mocked\"},{\"name\":\"https\",\"status\":\"mocked\"},{\"name\":\"net\",\"status\":\"mocked\"}]"}}
[debug] [2023-05-11T03:26:45.379Z] [runtime-status] [16272] Resolved module firebase-functions {"declared":true,"installed":true,"version":"4.3.1","resolution":"D:\\Web Developement\\Projects\\36. Amazon Clone (React)\\amazon\\functions\\node_modules\\firebase-functions\\lib\\v1\\index.js"} {"metadata":{"emulator":{"name":"functions"},"function":{"name":"us-central1-api"},"extension":{},"message":"[runtime-status] [16272] Resolved module firebase-functions {\"declared\":true,\"installed\":true,\"version\":\"4.3.1\",\"resolution\":\"D:\\\\Web Developement\\\\Projects\\\\36. Amazon Clone (React)\\\\amazon\\\\functions\\\\node_modules\\\\firebase-functions\\\\lib\\\\v1\\\\index.js\"}"}}
[debug] [2023-05-11T03:26:45.847Z] [runtime-status] [16272] Checked functions.config() {"config":{}} {"metadata":{"emulator":{"name":"functions"},"function":{"name":"us-central1-api"},"extension":{},"message":"[runtime-status] [16272] Checked functions.config() {\"config\":{}}"}}
[debug] [2023-05-11T03:26:45.847Z] [runtime-status] [16272] firebase-functions has been stubbed. {"functionsResolution":{"declared":true,"installed":true,"version":"4.3.1","resolution":"D:\\Web Developement\\Projects\\36. Amazon Clone (React)\\amazon\\functions\\node_modules\\firebase-functions\\lib\\v1\\index.js"}} {"metadata":{"emulator":{"name":"functions"},"function":{"name":"us-central1-api"},"extension":{},"message":"[runtime-status] [16272] firebase-functions has been stubbed. {\"functionsResolution\":{\"declared\":true,\"installed\":true,\"version\":\"4.3.1\",\"resolution\":\"D:\\\\Web Developement\\\\Projects\\\\36. Amazon Clone (React)\\\\amazon\\\\functions\\\\node_modules\\\\firebase-functions\\\\lib\\\\v1\\\\index.js\"}}"}}
[debug] [2023-05-11T03:26:45.849Z] [runtime-status] [16272] Resolved module firebase-functions {"declared":true,"installed":true,"version":"4.3.1","resolution":"D:\\Web Developement\\Projects\\36. Amazon Clone (React)\\amazon\\functions\\node_modules\\firebase-functions\\lib\\v1\\index.js"} {"metadata":{"emulator":{"name":"functions"},"function":{"name":"us-central1-api"},"extension":{},"message":"[runtime-status] [16272] Resolved module firebase-functions {\"declared\":true,\"installed\":true,\"version\":\"4.3.1\",\"resolution\":\"D:\\\\Web Developement\\\\Projects\\\\36. Amazon Clone (React)\\\\amazon\\\\functions\\\\node_modules\\\\firebase-functions\\\\lib\\\\v1\\\\index.js\"}"}}
[debug] [2023-05-11T03:26:45.852Z] [runtime-status] [16272] Resolved module firebase-admin {"declared":true,"installed":true,"version":"11.8.0","resolution":"D:\\Web Developement\\Projects\\36. Amazon Clone (React)\\amazon\\functions\\node_modules\\firebase-admin\\lib\\index.js"} {"metadata":{"emulator":{"name":"functions"},"function":{"name":"us-central1-api"},"extension":{},"message":"[runtime-status] [16272] Resolved module firebase-admin {\"declared\":true,\"installed\":true,\"version\":\"11.8.0\",\"resolution\":\"D:\\\\Web Developement\\\\Projects\\\\36. Amazon Clone (React)\\\\amazon\\\\functions\\\\node_modules\\\\firebase-admin\\\\lib\\\\index.js\"}"}}
[debug] [2023-05-11T03:26:45.858Z] [runtime-status] [16272] Resolved module firebase-functions {"declared":true,"installed":true,"version":"4.3.1","resolution":"D:\\Web Developement\\Projects\\36. Amazon Clone (React)\\amazon\\functions\\node_modules\\firebase-functions\\lib\\v1\\index.js"} {"metadata":{"emulator":{"name":"functions"},"function":{"name":"us-central1-api"},"extension":{},"message":"[runtime-status] [16272] Resolved module firebase-functions {\"declared\":true,\"installed\":true,\"version\":\"4.3.1\",\"resolution\":\"D:\\\\Web Developement\\\\Projects\\\\36. Amazon Clone (React)\\\\amazon\\\\functions\\\\node_modules\\\\firebase-functions\\\\lib\\\\v1\\\\index.js\"}"}}
[debug] [2023-05-11T03:26:45.859Z] [runtime-status] [16272] firebase-admin has been stubbed. {"adminResolution":{"declared":true,"installed":true,"version":"11.8.0","resolution":"D:\\Web Developement\\Projects\\36. Amazon Clone (React)\\amazon\\functions\\node_modules\\firebase-admin\\lib\\index.js"}} {"metadata":{"emulator":{"name":"functions"},"function":{"name":"us-central1-api"},"extension":{},"message":"[runtime-status] [16272] firebase-admin has been stubbed. {\"adminResolution\":{\"declared\":true,\"installed\":true,\"version\":\"11.8.0\",\"resolution\":\"D:\\\\Web Developement\\\\Projects\\\\36. Amazon Clone (React)\\\\amazon\\\\functions\\\\node_modules\\\\firebase-admin\\\\lib\\\\index.js\"}}"}}
[debug] [2023-05-11T03:26:46.174Z] [runtime-status] [16272] Functions runtime initialized. {"cwd":"D:\\Web Developement\\Projects\\36. Amazon Clone (React)\\amazon\\functions","node_version":"18.15.0"} {"metadata":{"emulator":{"name":"functions"},"function":{"name":"us-central1-api"},"extension":{},"message":"[runtime-status] [16272] Functions runtime initialized. {\"cwd\":\"D:\\\\Web Developement\\\\Projects\\\\36. Amazon Clone (React)\\\\amazon\\\\functions\",\"node_version\":\"18.15.0\"}"}}
[debug] [2023-05-11T03:26:46.174Z] [runtime-status] [16272] Listening to port: \\?\pipe\fire_emu_4e1f6af34e952f0c {"metadata":{"emulator":{"name":"functions"},"function":{"name":"us-central1-api"},"extension":{},"message":"[runtime-status] [16272] Listening to port: \\\\?\\pipe\\fire_emu_4e1f6af34e952f0c"}}
[debug] [2023-05-11T03:26:46.231Z] [worker-us-central1-api-01bdda78-24f6-499f-917f-8a635daa4e5f]: IDLE {"metadata":{"emulator":{"name":"functions"},"function":{"name":"us-central1-api"},"extension":{},"message":"[worker-us-central1-api-01bdda78-24f6-499f-917f-8a635daa4e5f]: IDLE"}}
[debug] [2023-05-11T03:26:46.232Z] [worker-pool] submitRequest(triggerId=us-central1-api) {"metadata":{"emulator":{"name":"functions"},"message":"[worker-pool] submitRequest(triggerId=us-central1-api)"}}
[info] i  functions: Beginning execution of "us-central1-api" {"metadata":{"emulator":{"name":"functions"},"function":{"name":"us-central1-api"},"extension":{},"message":"Beginning execution of \"us-central1-api\""}}
[debug] [2023-05-11T03:26:46.234Z] [worker-us-central1-api-478f2338-acb9-4ba3-bdeb-3b43c4c6c71a]: BUSY {"metadata":{"emulator":{"name":"functions"},"function":{"name":"us-central1-api"},"extension":{},"message":"[worker-us-central1-api-478f2338-acb9-4ba3-bdeb-3b43c4c6c71a]: BUSY"}}
[info] >  Payment request received for amount >>>  20878 {"user":"Payment request received for amount >>>  20878","metadata":{"emulator":{"name":"functions"},"function":{"name":"us-central1-api"},"extension":{},"message":"\u001b[90m> \u001b[39m Payment request received for amount >>>  20878"}}
[debug] [2023-05-11T03:26:46.655Z] Finishing up request with event=pause {"metadata":{"emulator":{"name":"functions"},"function":{"name":"us-central1-api"},"extension":{},"message":"Finishing up request with event=pause"}}
[info] i  functions: Finished "us-central1-api" in 421.8763ms {"metadata":{"emulator":{"name":"functions"},"function":{"name":"us-central1-api"},"extension":{},"message":"Finished \"us-central1-api\" in 421.8763ms"}}
[debug] [2023-05-11T03:26:46.657Z] [worker-us-central1-api-478f2338-acb9-4ba3-bdeb-3b43c4c6c71a]: IDLE {"metadata":{"emulator":{"name":"functions"},"function":{"name":"us-central1-api"},"extension":{},"message":"[worker-us-central1-api-478f2338-acb9-4ba3-bdeb-3b43c4c6c71a]: IDLE"}}
[debug] [2023-05-11T03:26:46.658Z] Finishing up request with event=finish {"metadata":{"emulator":{"name":"functions"},"function":{"name":"us-central1-api"},"extension":{},"message":"Finishing up request with event=finish"}}
[debug] [2023-05-11T03:26:46.658Z] Finishing up request with event=close {"metadata":{"emulator":{"name":"functions"},"function":{"name":"us-central1-api"},"extension":{},"message":"Finishing up request with event=close"}}
[debug] [2023-05-11T03:26:46.659Z] [work-queue] {"queuedWork":[],"queueLength":0,"runningWork":[],"workRunningCount":0}
